2020-06-04 11:02:20.382 [main] ERROR io.seata.core.rpc.netty.NettyClientChannelManager - no available service 'null' found, please make sure registry config correct
2020-06-04 11:03:15.789 [timeoutChecker_1] ERROR io.seata.core.rpc.netty.NettyClientChannelManager - no available service 'null' found, please make sure registry config correct
2020-06-04 11:03:15.838 [timeoutChecker_2] ERROR io.seata.core.rpc.netty.NettyClientChannelManager - no available service 'null' found, please make sure registry config correct
2020-06-04 11:03:25.788 [timeoutChecker_1] ERROR io.seata.core.rpc.netty.NettyClientChannelManager - no available service 'null' found, please make sure registry config correct
2020-06-04 11:03:25.838 [timeoutChecker_2] ERROR io.seata.core.rpc.netty.NettyClientChannelManager - no available service 'null' found, please make sure registry config correct
2020-06-04 11:03:35.788 [timeoutChecker_1] ERROR io.seata.core.rpc.netty.NettyClientChannelManager - no available service 'null' found, please make sure registry config correct
2020-06-04 11:03:35.837 [timeoutChecker_2] ERROR io.seata.core.rpc.netty.NettyClientChannelManager - no available service 'null' found, please make sure registry config correct
2020-06-04 11:03:45.789 [timeoutChecker_1] ERROR io.seata.core.rpc.netty.NettyClientChannelManager - no available service 'null' found, please make sure registry config correct
2020-06-04 11:03:45.843 [timeoutChecker_2] ERROR io.seata.core.rpc.netty.NettyClientChannelManager - no available service 'null' found, please make sure registry config correct
2020-06-04 11:03:55.787 [timeoutChecker_1] ERROR io.seata.core.rpc.netty.NettyClientChannelManager - no available service 'null' found, please make sure registry config correct
2020-06-04 11:03:55.838 [timeoutChecker_2] ERROR io.seata.core.rpc.netty.NettyClientChannelManager - no available service 'null' found, please make sure registry config correct
2020-06-04 11:04:05.788 [timeoutChecker_1] ERROR io.seata.core.rpc.netty.NettyClientChannelManager - no available service 'null' found, please make sure registry config correct
2020-06-04 11:04:05.839 [timeoutChecker_2] ERROR io.seata.core.rpc.netty.NettyClientChannelManager - no available service 'null' found, please make sure registry config correct
2020-06-04 11:04:15.788 [timeoutChecker_1] ERROR io.seata.core.rpc.netty.NettyClientChannelManager - no available service 'null' found, please make sure registry config correct
2020-06-04 11:04:15.838 [timeoutChecker_2] ERROR io.seata.core.rpc.netty.NettyClientChannelManager - no available service 'null' found, please make sure registry config correct
2020-06-04 11:04:25.788 [timeoutChecker_1] ERROR io.seata.core.rpc.netty.NettyClientChannelManager - no available service 'null' found, please make sure registry config correct
2020-06-04 11:04:25.837 [timeoutChecker_2] ERROR io.seata.core.rpc.netty.NettyClientChannelManager - no available service 'null' found, please make sure registry config correct
2020-06-04 11:04:35.788 [timeoutChecker_1] ERROR io.seata.core.rpc.netty.NettyClientChannelManager - no available service 'null' found, please make sure registry config correct
2020-06-04 11:04:35.838 [timeoutChecker_2] ERROR io.seata.core.rpc.netty.NettyClientChannelManager - no available service 'null' found, please make sure registry config correct
2020-06-04 11:04:45.789 [timeoutChecker_1] ERROR io.seata.core.rpc.netty.NettyClientChannelManager - no available service 'null' found, please make sure registry config correct
2020-06-04 11:04:45.837 [timeoutChecker_2] ERROR io.seata.core.rpc.netty.NettyClientChannelManager - no available service 'null' found, please make sure registry config correct
2020-06-04 11:04:55.788 [timeoutChecker_1] ERROR io.seata.core.rpc.netty.NettyClientChannelManager - no available service 'null' found, please make sure registry config correct
2020-06-04 11:04:55.838 [timeoutChecker_2] ERROR io.seata.core.rpc.netty.NettyClientChannelManager - no available service 'null' found, please make sure registry config correct
2020-06-04 11:05:05.788 [timeoutChecker_1] ERROR io.seata.core.rpc.netty.NettyClientChannelManager - no available service 'null' found, please make sure registry config correct
2020-06-04 11:05:05.837 [timeoutChecker_2] ERROR io.seata.core.rpc.netty.NettyClientChannelManager - no available service 'null' found, please make sure registry config correct
2020-06-04 11:05:15.789 [timeoutChecker_1] ERROR io.seata.core.rpc.netty.NettyClientChannelManager - no available service 'null' found, please make sure registry config correct
2020-06-04 11:05:15.838 [timeoutChecker_2] ERROR io.seata.core.rpc.netty.NettyClientChannelManager - no available service 'null' found, please make sure registry config correct
2020-06-04 11:05:25.787 [timeoutChecker_1] ERROR io.seata.core.rpc.netty.NettyClientChannelManager - no available service 'null' found, please make sure registry config correct
2020-06-04 11:05:25.838 [timeoutChecker_2] ERROR io.seata.core.rpc.netty.NettyClientChannelManager - no available service 'null' found, please make sure registry config correct
2020-06-04 11:05:35.788 [timeoutChecker_1] ERROR io.seata.core.rpc.netty.NettyClientChannelManager - no available service 'null' found, please make sure registry config correct
2020-06-04 11:05:35.837 [timeoutChecker_2] ERROR io.seata.core.rpc.netty.NettyClientChannelManager - no available service 'null' found, please make sure registry config correct
2020-06-04 11:05:45.788 [timeoutChecker_1] ERROR io.seata.core.rpc.netty.NettyClientChannelManager - no available service 'null' found, please make sure registry config correct
2020-06-04 11:05:45.838 [timeoutChecker_2] ERROR io.seata.core.rpc.netty.NettyClientChannelManager - no available service 'null' found, please make sure registry config correct
2020-06-04 11:05:55.788 [timeoutChecker_1] ERROR io.seata.core.rpc.netty.NettyClientChannelManager - no available service 'null' found, please make sure registry config correct
2020-06-04 11:05:55.837 [timeoutChecker_2] ERROR io.seata.core.rpc.netty.NettyClientChannelManager - no available service 'null' found, please make sure registry config correct
2020-06-04 11:06:05.788 [timeoutChecker_1] ERROR io.seata.core.rpc.netty.NettyClientChannelManager - no available service 'null' found, please make sure registry config correct
2020-06-04 11:06:05.837 [timeoutChecker_2] ERROR io.seata.core.rpc.netty.NettyClientChannelManager - no available service 'null' found, please make sure registry config correct
2020-06-04 11:06:15.789 [timeoutChecker_1] ERROR io.seata.core.rpc.netty.NettyClientChannelManager - no available service 'null' found, please make sure registry config correct
2020-06-04 11:06:15.838 [timeoutChecker_2] ERROR io.seata.core.rpc.netty.NettyClientChannelManager - no available service 'null' found, please make sure registry config correct
2020-06-04 11:06:25.789 [timeoutChecker_1] ERROR io.seata.core.rpc.netty.NettyClientChannelManager - no available service 'null' found, please make sure registry config correct
2020-06-04 11:06:25.837 [timeoutChecker_2] ERROR io.seata.core.rpc.netty.NettyClientChannelManager - no available service 'null' found, please make sure registry config correct
2020-06-04 11:06:35.789 [timeoutChecker_1] ERROR io.seata.core.rpc.netty.NettyClientChannelManager - no available service 'null' found, please make sure registry config correct
2020-06-04 11:06:35.838 [timeoutChecker_2] ERROR io.seata.core.rpc.netty.NettyClientChannelManager - no available service 'null' found, please make sure registry config correct
2020-06-04 11:06:45.787 [timeoutChecker_1] ERROR io.seata.core.rpc.netty.NettyClientChannelManager - no available service 'null' found, please make sure registry config correct
2020-06-04 11:06:45.838 [timeoutChecker_2] ERROR io.seata.core.rpc.netty.NettyClientChannelManager - no available service 'null' found, please make sure registry config correct
2020-06-04 11:06:55.788 [timeoutChecker_1] ERROR io.seata.core.rpc.netty.NettyClientChannelManager - no available service 'null' found, please make sure registry config correct
2020-06-04 11:06:55.837 [timeoutChecker_2] ERROR io.seata.core.rpc.netty.NettyClientChannelManager - no available service 'null' found, please make sure registry config correct
2020-06-04 11:07:05.788 [timeoutChecker_1] ERROR io.seata.core.rpc.netty.NettyClientChannelManager - no available service 'null' found, please make sure registry config correct
2020-06-04 11:07:05.838 [timeoutChecker_2] ERROR io.seata.core.rpc.netty.NettyClientChannelManager - no available service 'null' found, please make sure registry config correct
2020-06-04 11:07:15.789 [timeoutChecker_1] ERROR io.seata.core.rpc.netty.NettyClientChannelManager - no available service 'null' found, please make sure registry config correct
2020-06-04 11:07:15.837 [timeoutChecker_2] ERROR io.seata.core.rpc.netty.NettyClientChannelManager - no available service 'null' found, please make sure registry config correct
2020-06-04 11:07:25.788 [timeoutChecker_1] ERROR io.seata.core.rpc.netty.NettyClientChannelManager - no available service 'null' found, please make sure registry config correct
2020-06-04 11:07:25.838 [timeoutChecker_2] ERROR io.seata.core.rpc.netty.NettyClientChannelManager - no available service 'null' found, please make sure registry config correct
2020-06-04 11:07:35.787 [timeoutChecker_1] ERROR io.seata.core.rpc.netty.NettyClientChannelManager - no available service 'null' found, please make sure registry config correct
2020-06-04 11:07:35.837 [timeoutChecker_2] ERROR io.seata.core.rpc.netty.NettyClientChannelManager - no available service 'null' found, please make sure registry config correct
2020-06-04 11:07:45.788 [timeoutChecker_1] ERROR io.seata.core.rpc.netty.NettyClientChannelManager - no available service 'null' found, please make sure registry config correct
2020-06-04 11:07:45.838 [timeoutChecker_2] ERROR io.seata.core.rpc.netty.NettyClientChannelManager - no available service 'null' found, please make sure registry config correct
2020-06-04 11:07:55.788 [timeoutChecker_1] ERROR io.seata.core.rpc.netty.NettyClientChannelManager - no available service 'null' found, please make sure registry config correct
2020-06-04 11:07:55.838 [timeoutChecker_2] ERROR io.seata.core.rpc.netty.NettyClientChannelManager - no available service 'null' found, please make sure registry config correct
2020-06-04 11:08:05.788 [timeoutChecker_1] ERROR io.seata.core.rpc.netty.NettyClientChannelManager - no available service 'null' found, please make sure registry config correct
2020-06-04 11:08:05.837 [timeoutChecker_2] ERROR io.seata.core.rpc.netty.NettyClientChannelManager - no available service 'null' found, please make sure registry config correct
2020-06-04 11:08:15.788 [timeoutChecker_1] ERROR io.seata.core.rpc.netty.NettyClientChannelManager - no available service 'null' found, please make sure registry config correct
2020-06-04 11:08:15.838 [timeoutChecker_2] ERROR io.seata.core.rpc.netty.NettyClientChannelManager - no available service 'null' found, please make sure registry config correct
2020-06-04 11:08:25.788 [timeoutChecker_1] ERROR io.seata.core.rpc.netty.NettyClientChannelManager - no available service 'null' found, please make sure registry config correct
2020-06-04 11:08:25.837 [timeoutChecker_2] ERROR io.seata.core.rpc.netty.NettyClientChannelManager - no available service 'null' found, please make sure registry config correct
2020-06-04 11:08:35.789 [timeoutChecker_1] ERROR io.seata.core.rpc.netty.NettyClientChannelManager - no available service 'null' found, please make sure registry config correct
2020-06-04 11:08:35.838 [timeoutChecker_2] ERROR io.seata.core.rpc.netty.NettyClientChannelManager - no available service 'null' found, please make sure registry config correct
2020-06-04 11:08:45.788 [timeoutChecker_1] ERROR io.seata.core.rpc.netty.NettyClientChannelManager - no available service 'null' found, please make sure registry config correct
2020-06-04 11:08:45.838 [timeoutChecker_2] ERROR io.seata.core.rpc.netty.NettyClientChannelManager - no available service 'null' found, please make sure registry config correct
2020-06-04 11:08:55.788 [timeoutChecker_1] ERROR io.seata.core.rpc.netty.NettyClientChannelManager - no available service 'null' found, please make sure registry config correct
2020-06-04 11:08:55.838 [timeoutChecker_2] ERROR io.seata.core.rpc.netty.NettyClientChannelManager - no available service 'null' found, please make sure registry config correct
2020-06-04 11:09:05.788 [timeoutChecker_1] ERROR io.seata.core.rpc.netty.NettyClientChannelManager - no available service 'null' found, please make sure registry config correct
2020-06-04 11:09:05.838 [timeoutChecker_2] ERROR io.seata.core.rpc.netty.NettyClientChannelManager - no available service 'null' found, please make sure registry config correct
2020-06-04 11:09:15.788 [timeoutChecker_1] ERROR io.seata.core.rpc.netty.NettyClientChannelManager - no available service 'null' found, please make sure registry config correct
2020-06-04 11:09:15.837 [timeoutChecker_2] ERROR io.seata.core.rpc.netty.NettyClientChannelManager - no available service 'null' found, please make sure registry config correct
2020-06-04 11:09:25.788 [timeoutChecker_1] ERROR io.seata.core.rpc.netty.NettyClientChannelManager - no available service 'null' found, please make sure registry config correct
2020-06-04 11:09:25.838 [timeoutChecker_2] ERROR io.seata.core.rpc.netty.NettyClientChannelManager - no available service 'null' found, please make sure registry config correct
2020-06-04 11:09:35.788 [timeoutChecker_1] ERROR io.seata.core.rpc.netty.NettyClientChannelManager - no available service 'null' found, please make sure registry config correct
2020-06-04 11:09:35.837 [timeoutChecker_2] ERROR io.seata.core.rpc.netty.NettyClientChannelManager - no available service 'null' found, please make sure registry config correct
2020-06-04 11:09:45.789 [timeoutChecker_1] ERROR io.seata.core.rpc.netty.NettyClientChannelManager - no available service 'null' found, please make sure registry config correct
2020-06-04 11:09:45.838 [timeoutChecker_2] ERROR io.seata.core.rpc.netty.NettyClientChannelManager - no available service 'null' found, please make sure registry config correct
2020-06-04 11:09:55.788 [timeoutChecker_1] ERROR io.seata.core.rpc.netty.NettyClientChannelManager - no available service 'null' found, please make sure registry config correct
2020-06-04 11:09:55.837 [timeoutChecker_2] ERROR io.seata.core.rpc.netty.NettyClientChannelManager - no available service 'null' found, please make sure registry config correct
2020-06-04 11:10:05.787 [timeoutChecker_1] ERROR io.seata.core.rpc.netty.NettyClientChannelManager - no available service 'null' found, please make sure registry config correct
2020-06-04 11:10:05.837 [timeoutChecker_2] ERROR io.seata.core.rpc.netty.NettyClientChannelManager - no available service 'null' found, please make sure registry config correct
2020-06-04 11:10:15.788 [timeoutChecker_1] ERROR io.seata.core.rpc.netty.NettyClientChannelManager - no available service 'null' found, please make sure registry config correct
2020-06-04 11:10:15.838 [timeoutChecker_2] ERROR io.seata.core.rpc.netty.NettyClientChannelManager - no available service 'null' found, please make sure registry config correct
2020-06-04 11:10:25.788 [timeoutChecker_1] ERROR io.seata.core.rpc.netty.NettyClientChannelManager - no available service 'null' found, please make sure registry config correct
2020-06-04 11:10:25.838 [timeoutChecker_2] ERROR io.seata.core.rpc.netty.NettyClientChannelManager - no available service 'null' found, please make sure registry config correct
2020-06-04 11:10:35.788 [timeoutChecker_1] ERROR io.seata.core.rpc.netty.NettyClientChannelManager - no available service 'null' found, please make sure registry config correct
2020-06-04 11:10:35.837 [timeoutChecker_2] ERROR io.seata.core.rpc.netty.NettyClientChannelManager - no available service 'null' found, please make sure registry config correct
2020-06-04 11:10:45.788 [timeoutChecker_1] ERROR io.seata.core.rpc.netty.NettyClientChannelManager - no available service 'null' found, please make sure registry config correct
2020-06-04 11:10:45.838 [timeoutChecker_2] ERROR io.seata.core.rpc.netty.NettyClientChannelManager - no available service 'null' found, please make sure registry config correct
2020-06-04 11:10:55.788 [timeoutChecker_1] ERROR io.seata.core.rpc.netty.NettyClientChannelManager - no available service 'null' found, please make sure registry config correct
2020-06-04 11:10:55.837 [timeoutChecker_2] ERROR io.seata.core.rpc.netty.NettyClientChannelManager - no available service 'null' found, please make sure registry config correct
2020-06-04 11:11:05.788 [timeoutChecker_1] ERROR io.seata.core.rpc.netty.NettyClientChannelManager - no available service 'null' found, please make sure registry config correct
2020-06-04 11:11:05.838 [timeoutChecker_2] ERROR io.seata.core.rpc.netty.NettyClientChannelManager - no available service 'null' found, please make sure registry config correct
2020-06-04 11:11:15.788 [timeoutChecker_1] ERROR io.seata.core.rpc.netty.NettyClientChannelManager - no available service 'null' found, please make sure registry config correct
2020-06-04 11:11:15.839 [timeoutChecker_2] ERROR io.seata.core.rpc.netty.NettyClientChannelManager - no available service 'null' found, please make sure registry config correct
2020-06-04 11:11:25.788 [timeoutChecker_1] ERROR io.seata.core.rpc.netty.NettyClientChannelManager - no available service 'null' found, please make sure registry config correct
2020-06-04 11:11:25.838 [timeoutChecker_2] ERROR io.seata.core.rpc.netty.NettyClientChannelManager - no available service 'null' found, please make sure registry config correct
2020-06-04 11:11:35.788 [timeoutChecker_1] ERROR io.seata.core.rpc.netty.NettyClientChannelManager - no available service 'null' found, please make sure registry config correct
2020-06-04 11:11:35.838 [timeoutChecker_2] ERROR io.seata.core.rpc.netty.NettyClientChannelManager - no available service 'null' found, please make sure registry config correct
2020-06-04 11:11:45.788 [timeoutChecker_1] ERROR io.seata.core.rpc.netty.NettyClientChannelManager - no available service 'null' found, please make sure registry config correct
2020-06-04 11:11:45.837 [timeoutChecker_2] ERROR io.seata.core.rpc.netty.NettyClientChannelManager - no available service 'null' found, please make sure registry config correct
2020-06-04 11:11:55.788 [timeoutChecker_1] ERROR io.seata.core.rpc.netty.NettyClientChannelManager - no available service 'null' found, please make sure registry config correct
2020-06-04 11:11:55.838 [timeoutChecker_2] ERROR io.seata.core.rpc.netty.NettyClientChannelManager - no available service 'null' found, please make sure registry config correct
2020-06-04 11:12:05.787 [timeoutChecker_1] ERROR io.seata.core.rpc.netty.NettyClientChannelManager - no available service 'null' found, please make sure registry config correct
2020-06-04 11:12:05.838 [timeoutChecker_2] ERROR io.seata.core.rpc.netty.NettyClientChannelManager - no available service 'null' found, please make sure registry config correct
2020-06-04 11:12:15.788 [timeoutChecker_1] ERROR io.seata.core.rpc.netty.NettyClientChannelManager - no available service 'null' found, please make sure registry config correct
2020-06-04 11:12:15.838 [timeoutChecker_2] ERROR io.seata.core.rpc.netty.NettyClientChannelManager - no available service 'null' found, please make sure registry config correct
2020-06-04 11:54:44.119 [http-nio-8091-exec-1] ERROR o.s.c.sleuth.instrument.web.ExceptionLoggingFilter - Uncaught exception thrown
org.springframework.web.util.NestedServletException: Request processing failed; nested exception is feign.RetryableException: Read timed out executing GET http://product-service/product/2
	at org.springframework.web.servlet.FrameworkServlet.processRequest(FrameworkServlet.java:1014)
	at org.springframework.web.servlet.FrameworkServlet.doGet(FrameworkServlet.java:898)
	at javax.servlet.http.HttpServlet.service(HttpServlet.java:634)
	at org.springframework.web.servlet.FrameworkServlet.service(FrameworkServlet.java:883)
	at javax.servlet.http.HttpServlet.service(HttpServlet.java:741)
	at org.apache.catalina.core.ApplicationFilterChain.internalDoFilter(ApplicationFilterChain.java:231)
	at org.apache.catalina.core.ApplicationFilterChain.doFilter(ApplicationFilterChain.java:166)
	at org.apache.tomcat.websocket.server.WsFilter.doFilter(WsFilter.java:53)
	at org.apache.catalina.core.ApplicationFilterChain.internalDoFilter(ApplicationFilterChain.java:193)
	at org.apache.catalina.core.ApplicationFilterChain.doFilter(ApplicationFilterChain.java:166)
	at brave.servlet.TracingFilter.doFilter(TracingFilter.java:67)
	at org.apache.catalina.core.ApplicationFilterChain.internalDoFilter(ApplicationFilterChain.java:193)
	at org.apache.catalina.core.ApplicationFilterChain.doFilter(ApplicationFilterChain.java:166)
	at com.alibaba.druid.support.http.WebStatFilter.doFilter(WebStatFilter.java:123)
	at org.apache.catalina.core.ApplicationFilterChain.internalDoFilter(ApplicationFilterChain.java:193)
	at org.apache.catalina.core.ApplicationFilterChain.doFilter(ApplicationFilterChain.java:166)
	at org.springframework.web.filter.RequestContextFilter.doFilterInternal(RequestContextFilter.java:100)
	at org.springframework.web.filter.OncePerRequestFilter.doFilter(OncePerRequestFilter.java:119)
	at org.apache.catalina.core.ApplicationFilterChain.internalDoFilter(ApplicationFilterChain.java:193)
	at org.apache.catalina.core.ApplicationFilterChain.doFilter(ApplicationFilterChain.java:166)
	at org.springframework.web.filter.FormContentFilter.doFilterInternal(FormContentFilter.java:93)
	at org.springframework.web.filter.OncePerRequestFilter.doFilter(OncePerRequestFilter.java:119)
	at org.apache.catalina.core.ApplicationFilterChain.internalDoFilter(ApplicationFilterChain.java:193)
	at org.apache.catalina.core.ApplicationFilterChain.doFilter(ApplicationFilterChain.java:166)
	at org.springframework.cloud.sleuth.instrument.web.ExceptionLoggingFilter.doFilter(ExceptionLoggingFilter.java:50)
	at org.apache.catalina.core.ApplicationFilterChain.internalDoFilter(ApplicationFilterChain.java:193)
	at org.apache.catalina.core.ApplicationFilterChain.doFilter(ApplicationFilterChain.java:166)
	at brave.servlet.TracingFilter.doFilter(TracingFilter.java:84)
	at org.springframework.cloud.sleuth.instrument.web.LazyTracingFilter.doFilter(TraceWebServletAutoConfiguration.java:138)
	at org.apache.catalina.core.ApplicationFilterChain.internalDoFilter(ApplicationFilterChain.java:193)
	at org.apache.catalina.core.ApplicationFilterChain.doFilter(ApplicationFilterChain.java:166)
	at org.springframework.web.filter.CharacterEncodingFilter.doFilterInternal(CharacterEncodingFilter.java:201)
	at org.springframework.web.filter.OncePerRequestFilter.doFilter(OncePerRequestFilter.java:119)
	at org.apache.catalina.core.ApplicationFilterChain.internalDoFilter(ApplicationFilterChain.java:193)
	at org.apache.catalina.core.ApplicationFilterChain.doFilter(ApplicationFilterChain.java:166)
	at org.apache.catalina.core.StandardWrapperValve.invoke(StandardWrapperValve.java:202)
	at org.apache.catalina.core.StandardContextValve.invoke(StandardContextValve.java:96)
	at org.apache.catalina.authenticator.AuthenticatorBase.invoke(AuthenticatorBase.java:541)
	at org.apache.catalina.core.StandardHostValve.invoke(StandardHostValve.java:139)
	at org.apache.catalina.valves.ErrorReportValve.invoke(ErrorReportValve.java:92)
	at org.apache.catalina.core.StandardEngineValve.invoke(StandardEngineValve.java:74)
	at org.apache.catalina.connector.CoyoteAdapter.service(CoyoteAdapter.java:343)
	at org.apache.coyote.http11.Http11Processor.service(Http11Processor.java:373)
	at org.apache.coyote.AbstractProcessorLight.process(AbstractProcessorLight.java:65)
	at org.apache.coyote.AbstractProtocol$ConnectionHandler.process(AbstractProtocol.java:868)
	at org.apache.tomcat.util.net.NioEndpoint$SocketProcessor.doRun(NioEndpoint.java:1590)
	at org.apache.tomcat.util.net.SocketProcessorBase.run(SocketProcessorBase.java:49)
	at java.util.concurrent.ThreadPoolExecutor.runWorker(ThreadPoolExecutor.java:1142)
	at java.util.concurrent.ThreadPoolExecutor$Worker.run(ThreadPoolExecutor.java:617)
	at org.apache.tomcat.util.threads.TaskThread$WrappingRunnable.run(TaskThread.java:61)
	at java.lang.Thread.run(Thread.java:745)
Caused by: feign.RetryableException: Read timed out executing GET http://product-service/product/2
	at feign.FeignException.errorExecuting(FeignException.java:249)
	at feign.SynchronousMethodHandler.executeAndDecode(SynchronousMethodHandler.java:120)
	at feign.SynchronousMethodHandler.invoke(SynchronousMethodHandler.java:80)
	at com.alibaba.cloud.sentinel.feign.SentinelInvocationHandler.invoke(SentinelInvocationHandler.java:107)
	at com.sun.proxy.$Proxy143.findById(Unknown Source)
	at com.alg.order.controller.OrderController.order(OrderController.java:45)
	at sun.reflect.NativeMethodAccessorImpl.invoke0(Native Method)
	at sun.reflect.NativeMethodAccessorImpl.invoke(NativeMethodAccessorImpl.java:62)
	at sun.reflect.DelegatingMethodAccessorImpl.invoke(DelegatingMethodAccessorImpl.java:43)
	at java.lang.reflect.Method.invoke(Method.java:498)
	at org.springframework.web.method.support.InvocableHandlerMethod.doInvoke(InvocableHandlerMethod.java:190)
	at org.springframework.web.method.support.InvocableHandlerMethod.invokeForRequest(InvocableHandlerMethod.java:138)
	at org.springframework.web.servlet.mvc.method.annotation.ServletInvocableHandlerMethod.invokeAndHandle(ServletInvocableHandlerMethod.java:105)
	at org.springframework.web.servlet.mvc.method.annotation.RequestMappingHandlerAdapter.invokeHandlerMethod(RequestMappingHandlerAdapter.java:879)
	at org.springframework.web.servlet.mvc.method.annotation.RequestMappingHandlerAdapter.handleInternal(RequestMappingHandlerAdapter.java:793)
	at org.springframework.web.servlet.mvc.method.AbstractHandlerMethodAdapter.handle(AbstractHandlerMethodAdapter.java:87)
	at org.springframework.web.servlet.DispatcherServlet.doDispatch(DispatcherServlet.java:1040)
	at org.springframework.web.servlet.DispatcherServlet.doService(DispatcherServlet.java:943)
	at org.springframework.web.servlet.FrameworkServlet.processRequest(FrameworkServlet.java:1006)
	... 50 common frames omitted
Caused by: java.net.SocketTimeoutException: Read timed out
	at java.net.SocketInputStream.socketRead0(Native Method)
	at java.net.SocketInputStream.socketRead(SocketInputStream.java:116)
	at java.net.SocketInputStream.read(SocketInputStream.java:170)
	at java.net.SocketInputStream.read(SocketInputStream.java:141)
	at java.io.BufferedInputStream.fill(BufferedInputStream.java:246)
	at java.io.BufferedInputStream.read1(BufferedInputStream.java:286)
	at java.io.BufferedInputStream.read(BufferedInputStream.java:345)
	at sun.net.www.http.HttpClient.parseHTTPHeader(HttpClient.java:704)
	at sun.net.www.http.HttpClient.parseHTTP(HttpClient.java:647)
	at sun.net.www.protocol.http.HttpURLConnection.getInputStream0(HttpURLConnection.java:1536)
	at sun.net.www.protocol.http.HttpURLConnection.getInputStream(HttpURLConnection.java:1441)
	at java.net.HttpURLConnection.getResponseCode(HttpURLConnection.java:480)
	at feign.Client$Default.convertResponse(Client.java:78)
	at feign.Client$Default.execute(Client.java:74)
	at org.springframework.cloud.sleuth.instrument.web.client.feign.TracingFeignClient.execute(TracingFeignClient.java:81)
	at org.springframework.cloud.sleuth.instrument.web.client.feign.LazyTracingFeignClient.execute(LazyTracingFeignClient.java:60)
	at org.springframework.cloud.openfeign.ribbon.FeignLoadBalancer.execute(FeignLoadBalancer.java:93)
	at org.springframework.cloud.openfeign.ribbon.FeignLoadBalancer.execute(FeignLoadBalancer.java:56)
	at com.netflix.client.AbstractLoadBalancerAwareClient$1.call(AbstractLoadBalancerAwareClient.java:104)
	at com.netflix.loadbalancer.reactive.LoadBalancerCommand$3$1.call(LoadBalancerCommand.java:303)
	at com.netflix.loadbalancer.reactive.LoadBalancerCommand$3$1.call(LoadBalancerCommand.java:287)
	at rx.internal.util.ScalarSynchronousObservable$3.call(ScalarSynchronousObservable.java:231)
	at rx.internal.util.ScalarSynchronousObservable$3.call(ScalarSynchronousObservable.java:228)
	at rx.Observable.unsafeSubscribe(Observable.java:10327)
	at rx.internal.operators.OnSubscribeConcatMap$ConcatMapSubscriber.drain(OnSubscribeConcatMap.java:286)
	at rx.internal.operators.OnSubscribeConcatMap$ConcatMapSubscriber.onNext(OnSubscribeConcatMap.java:144)
	at com.netflix.loadbalancer.reactive.LoadBalancerCommand$1.call(LoadBalancerCommand.java:185)
	at com.netflix.loadbalancer.reactive.LoadBalancerCommand$1.call(LoadBalancerCommand.java:180)
	at rx.Observable.unsafeSubscribe(Observable.java:10327)
	at rx.internal.operators.OnSubscribeConcatMap.call(OnSubscribeConcatMap.java:94)
	at rx.internal.operators.OnSubscribeConcatMap.call(OnSubscribeConcatMap.java:42)
	at rx.Observable.unsafeSubscribe(Observable.java:10327)
	at rx.internal.operators.OperatorRetryWithPredicate$SourceSubscriber$1.call(OperatorRetryWithPredicate.java:127)
	at rx.internal.schedulers.TrampolineScheduler$InnerCurrentThreadScheduler.enqueue(TrampolineScheduler.java:73)
	at rx.internal.schedulers.TrampolineScheduler$InnerCurrentThreadScheduler.schedule(TrampolineScheduler.java:52)
	at rx.internal.operators.OperatorRetryWithPredicate$SourceSubscriber.onNext(OperatorRetryWithPredicate.java:79)
	at rx.internal.operators.OperatorRetryWithPredicate$SourceSubscriber.onNext(OperatorRetryWithPredicate.java:45)
	at rx.internal.util.ScalarSynchronousObservable$WeakSingleProducer.request(ScalarSynchronousObservable.java:276)
	at rx.Subscriber.setProducer(Subscriber.java:209)
	at rx.internal.util.ScalarSynchronousObservable$JustOnSubscribe.call(ScalarSynchronousObservable.java:138)
	at rx.internal.util.ScalarSynchronousObservable$JustOnSubscribe.call(ScalarSynchronousObservable.java:129)
	at rx.internal.operators.OnSubscribeLift.call(OnSubscribeLift.java:48)
	at rx.internal.operators.OnSubscribeLift.call(OnSubscribeLift.java:30)
	at rx.internal.operators.OnSubscribeLift.call(OnSubscribeLift.java:48)
	at rx.internal.operators.OnSubscribeLift.call(OnSubscribeLift.java:30)
	at rx.internal.operators.OnSubscribeLift.call(OnSubscribeLift.java:48)
	at rx.internal.operators.OnSubscribeLift.call(OnSubscribeLift.java:30)
	at rx.Observable.subscribe(Observable.java:10423)
	at rx.Observable.subscribe(Observable.java:10390)
	at rx.observables.BlockingObservable.blockForSingle(BlockingObservable.java:443)
	at rx.observables.BlockingObservable.single(BlockingObservable.java:340)
	at com.netflix.client.AbstractLoadBalancerAwareClient.executeWithLoadBalancer(AbstractLoadBalancerAwareClient.java:112)
	at org.springframework.cloud.openfeign.ribbon.LoadBalancerFeignClient.execute(LoadBalancerFeignClient.java:83)
	at org.springframework.cloud.sleuth.instrument.web.client.feign.TraceLoadBalancerFeignClient.execute(TraceLoadBalancerFeignClient.java:70)
	at feign.SynchronousMethodHandler.executeAndDecode(SynchronousMethodHandler.java:110)
	... 67 common frames omitted
2020-06-04 11:54:44.126 [http-nio-8091-exec-1] ERROR o.a.c.c.C.[.[localhost].[/].[dispatcherServlet] - Servlet.service() for servlet [dispatcherServlet] in context with path [] threw exception [Request processing failed; nested exception is feign.RetryableException: Read timed out executing GET http://product-service/product/2] with root cause
java.net.SocketTimeoutException: Read timed out
	at java.net.SocketInputStream.socketRead0(Native Method)
	at java.net.SocketInputStream.socketRead(SocketInputStream.java:116)
	at java.net.SocketInputStream.read(SocketInputStream.java:170)
	at java.net.SocketInputStream.read(SocketInputStream.java:141)
	at java.io.BufferedInputStream.fill(BufferedInputStream.java:246)
	at java.io.BufferedInputStream.read1(BufferedInputStream.java:286)
	at java.io.BufferedInputStream.read(BufferedInputStream.java:345)
	at sun.net.www.http.HttpClient.parseHTTPHeader(HttpClient.java:704)
	at sun.net.www.http.HttpClient.parseHTTP(HttpClient.java:647)
	at sun.net.www.protocol.http.HttpURLConnection.getInputStream0(HttpURLConnection.java:1536)
	at sun.net.www.protocol.http.HttpURLConnection.getInputStream(HttpURLConnection.java:1441)
	at java.net.HttpURLConnection.getResponseCode(HttpURLConnection.java:480)
	at feign.Client$Default.convertResponse(Client.java:78)
	at feign.Client$Default.execute(Client.java:74)
	at org.springframework.cloud.sleuth.instrument.web.client.feign.TracingFeignClient.execute(TracingFeignClient.java:81)
	at org.springframework.cloud.sleuth.instrument.web.client.feign.LazyTracingFeignClient.execute(LazyTracingFeignClient.java:60)
	at org.springframework.cloud.openfeign.ribbon.FeignLoadBalancer.execute(FeignLoadBalancer.java:93)
	at org.springframework.cloud.openfeign.ribbon.FeignLoadBalancer.execute(FeignLoadBalancer.java:56)
	at com.netflix.client.AbstractLoadBalancerAwareClient$1.call(AbstractLoadBalancerAwareClient.java:104)
	at com.netflix.loadbalancer.reactive.LoadBalancerCommand$3$1.call(LoadBalancerCommand.java:303)
	at com.netflix.loadbalancer.reactive.LoadBalancerCommand$3$1.call(LoadBalancerCommand.java:287)
	at rx.internal.util.ScalarSynchronousObservable$3.call(ScalarSynchronousObservable.java:231)
	at rx.internal.util.ScalarSynchronousObservable$3.call(ScalarSynchronousObservable.java:228)
	at rx.Observable.unsafeSubscribe(Observable.java:10327)
	at rx.internal.operators.OnSubscribeConcatMap$ConcatMapSubscriber.drain(OnSubscribeConcatMap.java:286)
	at rx.internal.operators.OnSubscribeConcatMap$ConcatMapSubscriber.onNext(OnSubscribeConcatMap.java:144)
	at com.netflix.loadbalancer.reactive.LoadBalancerCommand$1.call(LoadBalancerCommand.java:185)
	at com.netflix.loadbalancer.reactive.LoadBalancerCommand$1.call(LoadBalancerCommand.java:180)
	at rx.Observable.unsafeSubscribe(Observable.java:10327)
	at rx.internal.operators.OnSubscribeConcatMap.call(OnSubscribeConcatMap.java:94)
	at rx.internal.operators.OnSubscribeConcatMap.call(OnSubscribeConcatMap.java:42)
	at rx.Observable.unsafeSubscribe(Observable.java:10327)
	at rx.internal.operators.OperatorRetryWithPredicate$SourceSubscriber$1.call(OperatorRetryWithPredicate.java:127)
	at rx.internal.schedulers.TrampolineScheduler$InnerCurrentThreadScheduler.enqueue(TrampolineScheduler.java:73)
	at rx.internal.schedulers.TrampolineScheduler$InnerCurrentThreadScheduler.schedule(TrampolineScheduler.java:52)
	at rx.internal.operators.OperatorRetryWithPredicate$SourceSubscriber.onNext(OperatorRetryWithPredicate.java:79)
	at rx.internal.operators.OperatorRetryWithPredicate$SourceSubscriber.onNext(OperatorRetryWithPredicate.java:45)
	at rx.internal.util.ScalarSynchronousObservable$WeakSingleProducer.request(ScalarSynchronousObservable.java:276)
	at rx.Subscriber.setProducer(Subscriber.java:209)
	at rx.internal.util.ScalarSynchronousObservable$JustOnSubscribe.call(ScalarSynchronousObservable.java:138)
	at rx.internal.util.ScalarSynchronousObservable$JustOnSubscribe.call(ScalarSynchronousObservable.java:129)
	at rx.internal.operators.OnSubscribeLift.call(OnSubscribeLift.java:48)
	at rx.internal.operators.OnSubscribeLift.call(OnSubscribeLift.java:30)
	at rx.internal.operators.OnSubscribeLift.call(OnSubscribeLift.java:48)
	at rx.internal.operators.OnSubscribeLift.call(OnSubscribeLift.java:30)
	at rx.internal.operators.OnSubscribeLift.call(OnSubscribeLift.java:48)
	at rx.internal.operators.OnSubscribeLift.call(OnSubscribeLift.java:30)
	at rx.Observable.subscribe(Observable.java:10423)
	at rx.Observable.subscribe(Observable.java:10390)
	at rx.observables.BlockingObservable.blockForSingle(BlockingObservable.java:443)
	at rx.observables.BlockingObservable.single(BlockingObservable.java:340)
	at com.netflix.client.AbstractLoadBalancerAwareClient.executeWithLoadBalancer(AbstractLoadBalancerAwareClient.java:112)
	at org.springframework.cloud.openfeign.ribbon.LoadBalancerFeignClient.execute(LoadBalancerFeignClient.java:83)
	at org.springframework.cloud.sleuth.instrument.web.client.feign.TraceLoadBalancerFeignClient.execute(TraceLoadBalancerFeignClient.java:70)
	at feign.SynchronousMethodHandler.executeAndDecode(SynchronousMethodHandler.java:110)
	at feign.SynchronousMethodHandler.invoke(SynchronousMethodHandler.java:80)
	at com.alibaba.cloud.sentinel.feign.SentinelInvocationHandler.invoke(SentinelInvocationHandler.java:107)
	at com.sun.proxy.$Proxy143.findById(Unknown Source)
	at com.alg.order.controller.OrderController.order(OrderController.java:45)
	at sun.reflect.NativeMethodAccessorImpl.invoke0(Native Method)
	at sun.reflect.NativeMethodAccessorImpl.invoke(NativeMethodAccessorImpl.java:62)
	at sun.reflect.DelegatingMethodAccessorImpl.invoke(DelegatingMethodAccessorImpl.java:43)
	at java.lang.reflect.Method.invoke(Method.java:498)
	at org.springframework.web.method.support.InvocableHandlerMethod.doInvoke(InvocableHandlerMethod.java:190)
	at org.springframework.web.method.support.InvocableHandlerMethod.invokeForRequest(InvocableHandlerMethod.java:138)
	at org.springframework.web.servlet.mvc.method.annotation.ServletInvocableHandlerMethod.invokeAndHandle(ServletInvocableHandlerMethod.java:105)
	at org.springframework.web.servlet.mvc.method.annotation.RequestMappingHandlerAdapter.invokeHandlerMethod(RequestMappingHandlerAdapter.java:879)
	at org.springframework.web.servlet.mvc.method.annotation.RequestMappingHandlerAdapter.handleInternal(RequestMappingHandlerAdapter.java:793)
	at org.springframework.web.servlet.mvc.method.AbstractHandlerMethodAdapter.handle(AbstractHandlerMethodAdapter.java:87)
	at org.springframework.web.servlet.DispatcherServlet.doDispatch(DispatcherServlet.java:1040)
	at org.springframework.web.servlet.DispatcherServlet.doService(DispatcherServlet.java:943)
	at org.springframework.web.servlet.FrameworkServlet.processRequest(FrameworkServlet.java:1006)
	at org.springframework.web.servlet.FrameworkServlet.doGet(FrameworkServlet.java:898)
	at javax.servlet.http.HttpServlet.service(HttpServlet.java:634)
	at org.springframework.web.servlet.FrameworkServlet.service(FrameworkServlet.java:883)
	at javax.servlet.http.HttpServlet.service(HttpServlet.java:741)
	at org.apache.catalina.core.ApplicationFilterChain.internalDoFilter(ApplicationFilterChain.java:231)
	at org.apache.catalina.core.ApplicationFilterChain.doFilter(ApplicationFilterChain.java:166)
	at org.apache.tomcat.websocket.server.WsFilter.doFilter(WsFilter.java:53)
	at org.apache.catalina.core.ApplicationFilterChain.internalDoFilter(ApplicationFilterChain.java:193)
	at org.apache.catalina.core.ApplicationFilterChain.doFilter(ApplicationFilterChain.java:166)
	at brave.servlet.TracingFilter.doFilter(TracingFilter.java:67)
	at org.apache.catalina.core.ApplicationFilterChain.internalDoFilter(ApplicationFilterChain.java:193)
	at org.apache.catalina.core.ApplicationFilterChain.doFilter(ApplicationFilterChain.java:166)
	at com.alibaba.druid.support.http.WebStatFilter.doFilter(WebStatFilter.java:123)
	at org.apache.catalina.core.ApplicationFilterChain.internalDoFilter(ApplicationFilterChain.java:193)
	at org.apache.catalina.core.ApplicationFilterChain.doFilter(ApplicationFilterChain.java:166)
	at org.springframework.web.filter.RequestContextFilter.doFilterInternal(RequestContextFilter.java:100)
	at org.springframework.web.filter.OncePerRequestFilter.doFilter(OncePerRequestFilter.java:119)
	at org.apache.catalina.core.ApplicationFilterChain.internalDoFilter(ApplicationFilterChain.java:193)
	at org.apache.catalina.core.ApplicationFilterChain.doFilter(ApplicationFilterChain.java:166)
	at org.springframework.web.filter.FormContentFilter.doFilterInternal(FormContentFilter.java:93)
	at org.springframework.web.filter.OncePerRequestFilter.doFilter(OncePerRequestFilter.java:119)
	at org.apache.catalina.core.ApplicationFilterChain.internalDoFilter(ApplicationFilterChain.java:193)
	at org.apache.catalina.core.ApplicationFilterChain.doFilter(ApplicationFilterChain.java:166)
	at org.springframework.cloud.sleuth.instrument.web.ExceptionLoggingFilter.doFilter(ExceptionLoggingFilter.java:50)
	at org.apache.catalina.core.ApplicationFilterChain.internalDoFilter(ApplicationFilterChain.java:193)
	at org.apache.catalina.core.ApplicationFilterChain.doFilter(ApplicationFilterChain.java:166)
	at brave.servlet.TracingFilter.doFilter(TracingFilter.java:84)
	at org.springframework.cloud.sleuth.instrument.web.LazyTracingFilter.doFilter(TraceWebServletAutoConfiguration.java:138)
	at org.apache.catalina.core.ApplicationFilterChain.internalDoFilter(ApplicationFilterChain.java:193)
	at org.apache.catalina.core.ApplicationFilterChain.doFilter(ApplicationFilterChain.java:166)
	at org.springframework.web.filter.CharacterEncodingFilter.doFilterInternal(CharacterEncodingFilter.java:201)
	at org.springframework.web.filter.OncePerRequestFilter.doFilter(OncePerRequestFilter.java:119)
	at org.apache.catalina.core.ApplicationFilterChain.internalDoFilter(ApplicationFilterChain.java:193)
	at org.apache.catalina.core.ApplicationFilterChain.doFilter(ApplicationFilterChain.java:166)
	at org.apache.catalina.core.StandardWrapperValve.invoke(StandardWrapperValve.java:202)
	at org.apache.catalina.core.StandardContextValve.invoke(StandardContextValve.java:96)
	at org.apache.catalina.authenticator.AuthenticatorBase.invoke(AuthenticatorBase.java:541)
	at org.apache.catalina.core.StandardHostValve.invoke(StandardHostValve.java:139)
	at org.apache.catalina.valves.ErrorReportValve.invoke(ErrorReportValve.java:92)
	at org.apache.catalina.core.StandardEngineValve.invoke(StandardEngineValve.java:74)
	at org.apache.catalina.connector.CoyoteAdapter.service(CoyoteAdapter.java:343)
	at org.apache.coyote.http11.Http11Processor.service(Http11Processor.java:373)
	at org.apache.coyote.AbstractProcessorLight.process(AbstractProcessorLight.java:65)
	at org.apache.coyote.AbstractProtocol$ConnectionHandler.process(AbstractProtocol.java:868)
	at org.apache.tomcat.util.net.NioEndpoint$SocketProcessor.doRun(NioEndpoint.java:1590)
	at org.apache.tomcat.util.net.SocketProcessorBase.run(SocketProcessorBase.java:49)
	at java.util.concurrent.ThreadPoolExecutor.runWorker(ThreadPoolExecutor.java:1142)
	at java.util.concurrent.ThreadPoolExecutor$Worker.run(ThreadPoolExecutor.java:617)
	at org.apache.tomcat.util.threads.TaskThread$WrappingRunnable.run(TaskThread.java:61)
	at java.lang.Thread.run(Thread.java:745)
2020-06-04 12:06:32.449 [http-nio-8091-exec-2] ERROR o.s.c.sleuth.instrument.web.ExceptionLoggingFilter - Uncaught exception thrown
org.springframework.web.util.NestedServletException: Request processing failed; nested exception is feign.RetryableException: Read timed out executing GET http://product-service/product/reduceInventory?pid=2&num=1
	at org.springframework.web.servlet.FrameworkServlet.processRequest(FrameworkServlet.java:1014)
	at org.springframework.web.servlet.FrameworkServlet.doGet(FrameworkServlet.java:898)
	at javax.servlet.http.HttpServlet.service(HttpServlet.java:634)
	at org.springframework.web.servlet.FrameworkServlet.service(FrameworkServlet.java:883)
	at javax.servlet.http.HttpServlet.service(HttpServlet.java:741)
	at org.apache.catalina.core.ApplicationFilterChain.internalDoFilter(ApplicationFilterChain.java:231)
	at org.apache.catalina.core.ApplicationFilterChain.doFilter(ApplicationFilterChain.java:166)
	at org.apache.tomcat.websocket.server.WsFilter.doFilter(WsFilter.java:53)
	at org.apache.catalina.core.ApplicationFilterChain.internalDoFilter(ApplicationFilterChain.java:193)
	at org.apache.catalina.core.ApplicationFilterChain.doFilter(ApplicationFilterChain.java:166)
	at brave.servlet.TracingFilter.doFilter(TracingFilter.java:67)
	at org.apache.catalina.core.ApplicationFilterChain.internalDoFilter(ApplicationFilterChain.java:193)
	at org.apache.catalina.core.ApplicationFilterChain.doFilter(ApplicationFilterChain.java:166)
	at com.alibaba.druid.support.http.WebStatFilter.doFilter(WebStatFilter.java:123)
	at org.apache.catalina.core.ApplicationFilterChain.internalDoFilter(ApplicationFilterChain.java:193)
	at org.apache.catalina.core.ApplicationFilterChain.doFilter(ApplicationFilterChain.java:166)
	at org.springframework.web.filter.RequestContextFilter.doFilterInternal(RequestContextFilter.java:100)
	at org.springframework.web.filter.OncePerRequestFilter.doFilter(OncePerRequestFilter.java:119)
	at org.apache.catalina.core.ApplicationFilterChain.internalDoFilter(ApplicationFilterChain.java:193)
	at org.apache.catalina.core.ApplicationFilterChain.doFilter(ApplicationFilterChain.java:166)
	at org.springframework.web.filter.FormContentFilter.doFilterInternal(FormContentFilter.java:93)
	at org.springframework.web.filter.OncePerRequestFilter.doFilter(OncePerRequestFilter.java:119)
	at org.apache.catalina.core.ApplicationFilterChain.internalDoFilter(ApplicationFilterChain.java:193)
	at org.apache.catalina.core.ApplicationFilterChain.doFilter(ApplicationFilterChain.java:166)
	at org.springframework.cloud.sleuth.instrument.web.ExceptionLoggingFilter.doFilter(ExceptionLoggingFilter.java:50)
	at org.apache.catalina.core.ApplicationFilterChain.internalDoFilter(ApplicationFilterChain.java:193)
	at org.apache.catalina.core.ApplicationFilterChain.doFilter(ApplicationFilterChain.java:166)
	at brave.servlet.TracingFilter.doFilter(TracingFilter.java:84)
	at org.springframework.cloud.sleuth.instrument.web.LazyTracingFilter.doFilter(TraceWebServletAutoConfiguration.java:138)
	at org.apache.catalina.core.ApplicationFilterChain.internalDoFilter(ApplicationFilterChain.java:193)
	at org.apache.catalina.core.ApplicationFilterChain.doFilter(ApplicationFilterChain.java:166)
	at org.springframework.web.filter.CharacterEncodingFilter.doFilterInternal(CharacterEncodingFilter.java:201)
	at org.springframework.web.filter.OncePerRequestFilter.doFilter(OncePerRequestFilter.java:119)
	at org.apache.catalina.core.ApplicationFilterChain.internalDoFilter(ApplicationFilterChain.java:193)
	at org.apache.catalina.core.ApplicationFilterChain.doFilter(ApplicationFilterChain.java:166)
	at org.apache.catalina.core.StandardWrapperValve.invoke(StandardWrapperValve.java:202)
	at org.apache.catalina.core.StandardContextValve.invoke(StandardContextValve.java:96)
	at org.apache.catalina.authenticator.AuthenticatorBase.invoke(AuthenticatorBase.java:541)
	at org.apache.catalina.core.StandardHostValve.invoke(StandardHostValve.java:139)
	at org.apache.catalina.valves.ErrorReportValve.invoke(ErrorReportValve.java:92)
	at org.apache.catalina.core.StandardEngineValve.invoke(StandardEngineValve.java:74)
	at org.apache.catalina.connector.CoyoteAdapter.service(CoyoteAdapter.java:343)
	at org.apache.coyote.http11.Http11Processor.service(Http11Processor.java:373)
	at org.apache.coyote.AbstractProcessorLight.process(AbstractProcessorLight.java:65)
	at org.apache.coyote.AbstractProtocol$ConnectionHandler.process(AbstractProtocol.java:868)
	at org.apache.tomcat.util.net.NioEndpoint$SocketProcessor.doRun(NioEndpoint.java:1590)
	at org.apache.tomcat.util.net.SocketProcessorBase.run(SocketProcessorBase.java:49)
	at java.util.concurrent.ThreadPoolExecutor.runWorker(ThreadPoolExecutor.java:1142)
	at java.util.concurrent.ThreadPoolExecutor$Worker.run(ThreadPoolExecutor.java:617)
	at org.apache.tomcat.util.threads.TaskThread$WrappingRunnable.run(TaskThread.java:61)
	at java.lang.Thread.run(Thread.java:745)
Caused by: feign.RetryableException: Read timed out executing GET http://product-service/product/reduceInventory?pid=2&num=1
	at feign.FeignException.errorExecuting(FeignException.java:249)
	at feign.SynchronousMethodHandler.executeAndDecode(SynchronousMethodHandler.java:120)
	at feign.SynchronousMethodHandler.invoke(SynchronousMethodHandler.java:80)
	at com.alibaba.cloud.sentinel.feign.SentinelInvocationHandler.invoke(SentinelInvocationHandler.java:107)
	at com.sun.proxy.$Proxy143.reduceInventory(Unknown Source)
	at com.alg.order.service.impl.OrderServiceImpl.createOrder(OrderServiceImpl.java:46)
	at com.alg.order.controller.OrderController.orderSeata(OrderController.java:125)
	at sun.reflect.NativeMethodAccessorImpl.invoke0(Native Method)
	at sun.reflect.NativeMethodAccessorImpl.invoke(NativeMethodAccessorImpl.java:62)
	at sun.reflect.DelegatingMethodAccessorImpl.invoke(DelegatingMethodAccessorImpl.java:43)
	at java.lang.reflect.Method.invoke(Method.java:498)
	at org.springframework.web.method.support.InvocableHandlerMethod.doInvoke(InvocableHandlerMethod.java:190)
	at org.springframework.web.method.support.InvocableHandlerMethod.invokeForRequest(InvocableHandlerMethod.java:138)
	at org.springframework.web.servlet.mvc.method.annotation.ServletInvocableHandlerMethod.invokeAndHandle(ServletInvocableHandlerMethod.java:105)
	at org.springframework.web.servlet.mvc.method.annotation.RequestMappingHandlerAdapter.invokeHandlerMethod(RequestMappingHandlerAdapter.java:879)
	at org.springframework.web.servlet.mvc.method.annotation.RequestMappingHandlerAdapter.handleInternal(RequestMappingHandlerAdapter.java:793)
	at org.springframework.web.servlet.mvc.method.AbstractHandlerMethodAdapter.handle(AbstractHandlerMethodAdapter.java:87)
	at org.springframework.web.servlet.DispatcherServlet.doDispatch(DispatcherServlet.java:1040)
	at org.springframework.web.servlet.DispatcherServlet.doService(DispatcherServlet.java:943)
	at org.springframework.web.servlet.FrameworkServlet.processRequest(FrameworkServlet.java:1006)
	... 50 common frames omitted
Caused by: java.net.SocketTimeoutException: Read timed out
	at java.net.SocketInputStream.socketRead0(Native Method)
	at java.net.SocketInputStream.socketRead(SocketInputStream.java:116)
	at java.net.SocketInputStream.read(SocketInputStream.java:170)
	at java.net.SocketInputStream.read(SocketInputStream.java:141)
	at java.io.BufferedInputStream.fill(BufferedInputStream.java:246)
	at java.io.BufferedInputStream.read1(BufferedInputStream.java:286)
	at java.io.BufferedInputStream.read(BufferedInputStream.java:345)
	at sun.net.www.http.HttpClient.parseHTTPHeader(HttpClient.java:704)
	at sun.net.www.http.HttpClient.parseHTTP(HttpClient.java:647)
	at sun.net.www.protocol.http.HttpURLConnection.getInputStream0(HttpURLConnection.java:1536)
	at sun.net.www.protocol.http.HttpURLConnection.getInputStream(HttpURLConnection.java:1441)
	at java.net.HttpURLConnection.getResponseCode(HttpURLConnection.java:480)
	at feign.Client$Default.convertResponse(Client.java:78)
	at feign.Client$Default.execute(Client.java:74)
	at org.springframework.cloud.sleuth.instrument.web.client.feign.TracingFeignClient.execute(TracingFeignClient.java:81)
	at org.springframework.cloud.sleuth.instrument.web.client.feign.LazyTracingFeignClient.execute(LazyTracingFeignClient.java:60)
	at org.springframework.cloud.openfeign.ribbon.FeignLoadBalancer.execute(FeignLoadBalancer.java:93)
	at org.springframework.cloud.openfeign.ribbon.FeignLoadBalancer.execute(FeignLoadBalancer.java:56)
	at com.netflix.client.AbstractLoadBalancerAwareClient$1.call(AbstractLoadBalancerAwareClient.java:104)
	at com.netflix.loadbalancer.reactive.LoadBalancerCommand$3$1.call(LoadBalancerCommand.java:303)
	at com.netflix.loadbalancer.reactive.LoadBalancerCommand$3$1.call(LoadBalancerCommand.java:287)
	at rx.internal.util.ScalarSynchronousObservable$3.call(ScalarSynchronousObservable.java:231)
	at rx.internal.util.ScalarSynchronousObservable$3.call(ScalarSynchronousObservable.java:228)
	at rx.Observable.unsafeSubscribe(Observable.java:10327)
	at rx.internal.operators.OnSubscribeConcatMap$ConcatMapSubscriber.drain(OnSubscribeConcatMap.java:286)
	at rx.internal.operators.OnSubscribeConcatMap$ConcatMapSubscriber.onNext(OnSubscribeConcatMap.java:144)
	at com.netflix.loadbalancer.reactive.LoadBalancerCommand$1.call(LoadBalancerCommand.java:185)
	at com.netflix.loadbalancer.reactive.LoadBalancerCommand$1.call(LoadBalancerCommand.java:180)
	at rx.Observable.unsafeSubscribe(Observable.java:10327)
	at rx.internal.operators.OnSubscribeConcatMap.call(OnSubscribeConcatMap.java:94)
	at rx.internal.operators.OnSubscribeConcatMap.call(OnSubscribeConcatMap.java:42)
	at rx.Observable.unsafeSubscribe(Observable.java:10327)
	at rx.internal.operators.OperatorRetryWithPredicate$SourceSubscriber$1.call(OperatorRetryWithPredicate.java:127)
	at rx.internal.schedulers.TrampolineScheduler$InnerCurrentThreadScheduler.enqueue(TrampolineScheduler.java:73)
	at rx.internal.schedulers.TrampolineScheduler$InnerCurrentThreadScheduler.schedule(TrampolineScheduler.java:52)
	at rx.internal.operators.OperatorRetryWithPredicate$SourceSubscriber.onNext(OperatorRetryWithPredicate.java:79)
	at rx.internal.operators.OperatorRetryWithPredicate$SourceSubscriber.onNext(OperatorRetryWithPredicate.java:45)
	at rx.internal.util.ScalarSynchronousObservable$WeakSingleProducer.request(ScalarSynchronousObservable.java:276)
	at rx.Subscriber.setProducer(Subscriber.java:209)
	at rx.internal.util.ScalarSynchronousObservable$JustOnSubscribe.call(ScalarSynchronousObservable.java:138)
	at rx.internal.util.ScalarSynchronousObservable$JustOnSubscribe.call(ScalarSynchronousObservable.java:129)
	at rx.internal.operators.OnSubscribeLift.call(OnSubscribeLift.java:48)
	at rx.internal.operators.OnSubscribeLift.call(OnSubscribeLift.java:30)
	at rx.internal.operators.OnSubscribeLift.call(OnSubscribeLift.java:48)
	at rx.internal.operators.OnSubscribeLift.call(OnSubscribeLift.java:30)
	at rx.internal.operators.OnSubscribeLift.call(OnSubscribeLift.java:48)
	at rx.internal.operators.OnSubscribeLift.call(OnSubscribeLift.java:30)
	at rx.Observable.subscribe(Observable.java:10423)
	at rx.Observable.subscribe(Observable.java:10390)
	at rx.observables.BlockingObservable.blockForSingle(BlockingObservable.java:443)
	at rx.observables.BlockingObservable.single(BlockingObservable.java:340)
	at com.netflix.client.AbstractLoadBalancerAwareClient.executeWithLoadBalancer(AbstractLoadBalancerAwareClient.java:112)
	at org.springframework.cloud.openfeign.ribbon.LoadBalancerFeignClient.execute(LoadBalancerFeignClient.java:83)
	at org.springframework.cloud.sleuth.instrument.web.client.feign.TraceLoadBalancerFeignClient.execute(TraceLoadBalancerFeignClient.java:70)
	at feign.SynchronousMethodHandler.executeAndDecode(SynchronousMethodHandler.java:110)
	... 68 common frames omitted
2020-06-04 12:06:32.453 [http-nio-8091-exec-2] ERROR o.a.c.c.C.[.[localhost].[/].[dispatcherServlet] - Servlet.service() for servlet [dispatcherServlet] in context with path [] threw exception [Request processing failed; nested exception is feign.RetryableException: Read timed out executing GET http://product-service/product/reduceInventory?pid=2&num=1] with root cause
java.net.SocketTimeoutException: Read timed out
	at java.net.SocketInputStream.socketRead0(Native Method)
	at java.net.SocketInputStream.socketRead(SocketInputStream.java:116)
	at java.net.SocketInputStream.read(SocketInputStream.java:170)
	at java.net.SocketInputStream.read(SocketInputStream.java:141)
	at java.io.BufferedInputStream.fill(BufferedInputStream.java:246)
	at java.io.BufferedInputStream.read1(BufferedInputStream.java:286)
	at java.io.BufferedInputStream.read(BufferedInputStream.java:345)
	at sun.net.www.http.HttpClient.parseHTTPHeader(HttpClient.java:704)
	at sun.net.www.http.HttpClient.parseHTTP(HttpClient.java:647)
	at sun.net.www.protocol.http.HttpURLConnection.getInputStream0(HttpURLConnection.java:1536)
	at sun.net.www.protocol.http.HttpURLConnection.getInputStream(HttpURLConnection.java:1441)
	at java.net.HttpURLConnection.getResponseCode(HttpURLConnection.java:480)
	at feign.Client$Default.convertResponse(Client.java:78)
	at feign.Client$Default.execute(Client.java:74)
	at org.springframework.cloud.sleuth.instrument.web.client.feign.TracingFeignClient.execute(TracingFeignClient.java:81)
	at org.springframework.cloud.sleuth.instrument.web.client.feign.LazyTracingFeignClient.execute(LazyTracingFeignClient.java:60)
	at org.springframework.cloud.openfeign.ribbon.FeignLoadBalancer.execute(FeignLoadBalancer.java:93)
	at org.springframework.cloud.openfeign.ribbon.FeignLoadBalancer.execute(FeignLoadBalancer.java:56)
	at com.netflix.client.AbstractLoadBalancerAwareClient$1.call(AbstractLoadBalancerAwareClient.java:104)
	at com.netflix.loadbalancer.reactive.LoadBalancerCommand$3$1.call(LoadBalancerCommand.java:303)
	at com.netflix.loadbalancer.reactive.LoadBalancerCommand$3$1.call(LoadBalancerCommand.java:287)
	at rx.internal.util.ScalarSynchronousObservable$3.call(ScalarSynchronousObservable.java:231)
	at rx.internal.util.ScalarSynchronousObservable$3.call(ScalarSynchronousObservable.java:228)
	at rx.Observable.unsafeSubscribe(Observable.java:10327)
	at rx.internal.operators.OnSubscribeConcatMap$ConcatMapSubscriber.drain(OnSubscribeConcatMap.java:286)
	at rx.internal.operators.OnSubscribeConcatMap$ConcatMapSubscriber.onNext(OnSubscribeConcatMap.java:144)
	at com.netflix.loadbalancer.reactive.LoadBalancerCommand$1.call(LoadBalancerCommand.java:185)
	at com.netflix.loadbalancer.reactive.LoadBalancerCommand$1.call(LoadBalancerCommand.java:180)
	at rx.Observable.unsafeSubscribe(Observable.java:10327)
	at rx.internal.operators.OnSubscribeConcatMap.call(OnSubscribeConcatMap.java:94)
	at rx.internal.operators.OnSubscribeConcatMap.call(OnSubscribeConcatMap.java:42)
	at rx.Observable.unsafeSubscribe(Observable.java:10327)
	at rx.internal.operators.OperatorRetryWithPredicate$SourceSubscriber$1.call(OperatorRetryWithPredicate.java:127)
	at rx.internal.schedulers.TrampolineScheduler$InnerCurrentThreadScheduler.enqueue(TrampolineScheduler.java:73)
	at rx.internal.schedulers.TrampolineScheduler$InnerCurrentThreadScheduler.schedule(TrampolineScheduler.java:52)
	at rx.internal.operators.OperatorRetryWithPredicate$SourceSubscriber.onNext(OperatorRetryWithPredicate.java:79)
	at rx.internal.operators.OperatorRetryWithPredicate$SourceSubscriber.onNext(OperatorRetryWithPredicate.java:45)
	at rx.internal.util.ScalarSynchronousObservable$WeakSingleProducer.request(ScalarSynchronousObservable.java:276)
	at rx.Subscriber.setProducer(Subscriber.java:209)
	at rx.internal.util.ScalarSynchronousObservable$JustOnSubscribe.call(ScalarSynchronousObservable.java:138)
	at rx.internal.util.ScalarSynchronousObservable$JustOnSubscribe.call(ScalarSynchronousObservable.java:129)
	at rx.internal.operators.OnSubscribeLift.call(OnSubscribeLift.java:48)
	at rx.internal.operators.OnSubscribeLift.call(OnSubscribeLift.java:30)
	at rx.internal.operators.OnSubscribeLift.call(OnSubscribeLift.java:48)
	at rx.internal.operators.OnSubscribeLift.call(OnSubscribeLift.java:30)
	at rx.internal.operators.OnSubscribeLift.call(OnSubscribeLift.java:48)
	at rx.internal.operators.OnSubscribeLift.call(OnSubscribeLift.java:30)
	at rx.Observable.subscribe(Observable.java:10423)
	at rx.Observable.subscribe(Observable.java:10390)
	at rx.observables.BlockingObservable.blockForSingle(BlockingObservable.java:443)
	at rx.observables.BlockingObservable.single(BlockingObservable.java:340)
	at com.netflix.client.AbstractLoadBalancerAwareClient.executeWithLoadBalancer(AbstractLoadBalancerAwareClient.java:112)
	at org.springframework.cloud.openfeign.ribbon.LoadBalancerFeignClient.execute(LoadBalancerFeignClient.java:83)
	at org.springframework.cloud.sleuth.instrument.web.client.feign.TraceLoadBalancerFeignClient.execute(TraceLoadBalancerFeignClient.java:70)
	at feign.SynchronousMethodHandler.executeAndDecode(SynchronousMethodHandler.java:110)
	at feign.SynchronousMethodHandler.invoke(SynchronousMethodHandler.java:80)
	at com.alibaba.cloud.sentinel.feign.SentinelInvocationHandler.invoke(SentinelInvocationHandler.java:107)
	at com.sun.proxy.$Proxy143.reduceInventory(Unknown Source)
	at com.alg.order.service.impl.OrderServiceImpl.createOrder(OrderServiceImpl.java:46)
	at com.alg.order.controller.OrderController.orderSeata(OrderController.java:125)
	at sun.reflect.NativeMethodAccessorImpl.invoke0(Native Method)
	at sun.reflect.NativeMethodAccessorImpl.invoke(NativeMethodAccessorImpl.java:62)
	at sun.reflect.DelegatingMethodAccessorImpl.invoke(DelegatingMethodAccessorImpl.java:43)
	at java.lang.reflect.Method.invoke(Method.java:498)
	at org.springframework.web.method.support.InvocableHandlerMethod.doInvoke(InvocableHandlerMethod.java:190)
	at org.springframework.web.method.support.InvocableHandlerMethod.invokeForRequest(InvocableHandlerMethod.java:138)
	at org.springframework.web.servlet.mvc.method.annotation.ServletInvocableHandlerMethod.invokeAndHandle(ServletInvocableHandlerMethod.java:105)
	at org.springframework.web.servlet.mvc.method.annotation.RequestMappingHandlerAdapter.invokeHandlerMethod(RequestMappingHandlerAdapter.java:879)
	at org.springframework.web.servlet.mvc.method.annotation.RequestMappingHandlerAdapter.handleInternal(RequestMappingHandlerAdapter.java:793)
	at org.springframework.web.servlet.mvc.method.AbstractHandlerMethodAdapter.handle(AbstractHandlerMethodAdapter.java:87)
	at org.springframework.web.servlet.DispatcherServlet.doDispatch(DispatcherServlet.java:1040)
	at org.springframework.web.servlet.DispatcherServlet.doService(DispatcherServlet.java:943)
	at org.springframework.web.servlet.FrameworkServlet.processRequest(FrameworkServlet.java:1006)
	at org.springframework.web.servlet.FrameworkServlet.doGet(FrameworkServlet.java:898)
	at javax.servlet.http.HttpServlet.service(HttpServlet.java:634)
	at org.springframework.web.servlet.FrameworkServlet.service(FrameworkServlet.java:883)
	at javax.servlet.http.HttpServlet.service(HttpServlet.java:741)
	at org.apache.catalina.core.ApplicationFilterChain.internalDoFilter(ApplicationFilterChain.java:231)
	at org.apache.catalina.core.ApplicationFilterChain.doFilter(ApplicationFilterChain.java:166)
	at org.apache.tomcat.websocket.server.WsFilter.doFilter(WsFilter.java:53)
	at org.apache.catalina.core.ApplicationFilterChain.internalDoFilter(ApplicationFilterChain.java:193)
	at org.apache.catalina.core.ApplicationFilterChain.doFilter(ApplicationFilterChain.java:166)
	at brave.servlet.TracingFilter.doFilter(TracingFilter.java:67)
	at org.apache.catalina.core.ApplicationFilterChain.internalDoFilter(ApplicationFilterChain.java:193)
	at org.apache.catalina.core.ApplicationFilterChain.doFilter(ApplicationFilterChain.java:166)
	at com.alibaba.druid.support.http.WebStatFilter.doFilter(WebStatFilter.java:123)
	at org.apache.catalina.core.ApplicationFilterChain.internalDoFilter(ApplicationFilterChain.java:193)
	at org.apache.catalina.core.ApplicationFilterChain.doFilter(ApplicationFilterChain.java:166)
	at org.springframework.web.filter.RequestContextFilter.doFilterInternal(RequestContextFilter.java:100)
	at org.springframework.web.filter.OncePerRequestFilter.doFilter(OncePerRequestFilter.java:119)
	at org.apache.catalina.core.ApplicationFilterChain.internalDoFilter(ApplicationFilterChain.java:193)
	at org.apache.catalina.core.ApplicationFilterChain.doFilter(ApplicationFilterChain.java:166)
	at org.springframework.web.filter.FormContentFilter.doFilterInternal(FormContentFilter.java:93)
	at org.springframework.web.filter.OncePerRequestFilter.doFilter(OncePerRequestFilter.java:119)
	at org.apache.catalina.core.ApplicationFilterChain.internalDoFilter(ApplicationFilterChain.java:193)
	at org.apache.catalina.core.ApplicationFilterChain.doFilter(ApplicationFilterChain.java:166)
	at org.springframework.cloud.sleuth.instrument.web.ExceptionLoggingFilter.doFilter(ExceptionLoggingFilter.java:50)
	at org.apache.catalina.core.ApplicationFilterChain.internalDoFilter(ApplicationFilterChain.java:193)
	at org.apache.catalina.core.ApplicationFilterChain.doFilter(ApplicationFilterChain.java:166)
	at brave.servlet.TracingFilter.doFilter(TracingFilter.java:84)
	at org.springframework.cloud.sleuth.instrument.web.LazyTracingFilter.doFilter(TraceWebServletAutoConfiguration.java:138)
	at org.apache.catalina.core.ApplicationFilterChain.internalDoFilter(ApplicationFilterChain.java:193)
	at org.apache.catalina.core.ApplicationFilterChain.doFilter(ApplicationFilterChain.java:166)
	at org.springframework.web.filter.CharacterEncodingFilter.doFilterInternal(CharacterEncodingFilter.java:201)
	at org.springframework.web.filter.OncePerRequestFilter.doFilter(OncePerRequestFilter.java:119)
	at org.apache.catalina.core.ApplicationFilterChain.internalDoFilter(ApplicationFilterChain.java:193)
	at org.apache.catalina.core.ApplicationFilterChain.doFilter(ApplicationFilterChain.java:166)
	at org.apache.catalina.core.StandardWrapperValve.invoke(StandardWrapperValve.java:202)
	at org.apache.catalina.core.StandardContextValve.invoke(StandardContextValve.java:96)
	at org.apache.catalina.authenticator.AuthenticatorBase.invoke(AuthenticatorBase.java:541)
	at org.apache.catalina.core.StandardHostValve.invoke(StandardHostValve.java:139)
	at org.apache.catalina.valves.ErrorReportValve.invoke(ErrorReportValve.java:92)
	at org.apache.catalina.core.StandardEngineValve.invoke(StandardEngineValve.java:74)
	at org.apache.catalina.connector.CoyoteAdapter.service(CoyoteAdapter.java:343)
	at org.apache.coyote.http11.Http11Processor.service(Http11Processor.java:373)
	at org.apache.coyote.AbstractProcessorLight.process(AbstractProcessorLight.java:65)
	at org.apache.coyote.AbstractProtocol$ConnectionHandler.process(AbstractProtocol.java:868)
	at org.apache.tomcat.util.net.NioEndpoint$SocketProcessor.doRun(NioEndpoint.java:1590)
	at org.apache.tomcat.util.net.SocketProcessorBase.run(SocketProcessorBase.java:49)
	at java.util.concurrent.ThreadPoolExecutor.runWorker(ThreadPoolExecutor.java:1142)
	at java.util.concurrent.ThreadPoolExecutor$Worker.run(ThreadPoolExecutor.java:617)
	at org.apache.tomcat.util.threads.TaskThread$WrappingRunnable.run(TaskThread.java:61)
	at java.lang.Thread.run(Thread.java:745)
